<?xml version="1.0" encoding="UTF-8"?>
<testng-results skipped="0" failed="0" ignored="0" total="1" passed="1">
  <reporter-output>
  </reporter-output>
  <suite name="Default suite" duration-ms="18240" started-at="2020-01-05T07:21:36Z" finished-at="2020-01-05T07:21:54Z">
    <groups>
    </groups>
    <test name="Default test" duration-ms="18240" started-at="2020-01-05T07:21:36Z" finished-at="2020-01-05T07:21:54Z">
      <class name="org.browserlaunch.BrowserLaunch">
        <test-method status="PASS" signature="browserLaunch()[pri:0, instance:org.browserlaunch.BrowserLaunch@1810399e]" name="browserLaunch" duration-ms="18188" started-at="2020-01-05T07:21:36Z" finished-at="2020-01-05T07:21:54Z">
          <reporter-output>
          </reporter-output>
        </test-method> <!-- browserLaunch -->
      </class> <!-- org.browserlaunch.BrowserLaunch -->
    </test> <!-- Default test -->
  </suite> <!-- Default suite -->
</testng-results>
